<?xml version="1.0" encoding="UTF-8"?>
<!-- Generated by org.testng.reporters.JUnitReportReporter -->
<testsuite hostname="ASHIQURLAP" name="Alerts" tests="1" failures="0" timestamp="21 Aug 2022 15:54:02 GMT" time="16.159" errors="0">
  <testcase name="test" time="16.159" classname="Alerts"/>
</testsuite> <!-- Alerts -->
