<?xml version="1.0" encoding="UTF-8"?>
<!-- Generated by org.testng.reporters.JUnitReportReporter -->
<testsuite hostname="ASHIQURLAP" name="MVNTest.OneTest" tests="1" failures="0" timestamp="21 Aug 2022 21:09:34 GMT" time="4.738" errors="0">
  <testcase name="oneTest" time="4.738" classname="MVNTest.OneTest"/>
</testsuite> <!-- MVNTest.OneTest -->
